<?xml version="1.0" encoding="UTF-8"?>
<!-- Generated by org.testng.reporters.JUnitReportReporter -->
<testsuite hostname="DESKTOP-AEI6VM2" failures="0" tests="1" name="tests.AccountCreate" time="72.445" errors="0" timestamp="2022-09-11T13:03:03 EDT" skipped="0">
  <testcase classname="tests.AccountCreate" name="createAnAccount" time="72.445"/>
  <system-out/>
</testsuite> <!-- tests.AccountCreate -->
